\BOOKMARK [1][-]{section.1}{\376\377\000P\000R\000A\000C\000T\000I\000C\000A\000L\000\040\0001}{}% 1
\BOOKMARK [2][-]{subsection.1.1}{\376\377\000C\000h\000e\000c\000k\000i\000n\000g\000\040\000f\000o\000r\000\040\000g\000i\000t}{section.1}% 2
\BOOKMARK [2][-]{subsection.1.2}{\376\377\000I\000n\000s\000t\000a\000l\000l\000\040\000g\000i\000t\000\040\000o\000n\000\040\000W\000i\000n\000d\000o\000w\000s}{section.1}% 3
\BOOKMARK [2][-]{subsection.1.3}{\376\377\000I\000n\000s\000t\000a\000l\000l\000\040\000G\000i\000t\000\040\000o\000n\000\040\000L\000i\000n\000u\000x}{section.1}% 4
\BOOKMARK [1][-]{section.2}{\376\377\000P\000R\000A\000C\000T\000I\000C\000A\000L\000\040\0002}{}% 5
\BOOKMARK [1][-]{section.3}{\376\377\000P\000R\000A\000C\000T\000I\000C\000A\000L\000\040\0003}{}% 6
\BOOKMARK [1][-]{section.4}{\376\377\000P\000R\000A\000C\000T\000I\000C\000A\000L\000\040\0004}{}% 7
\BOOKMARK [2][-]{subsection.4.1}{\376\377\000C\000R\000E\000A\000T\000E\000\040\000B\000R\000A\000N\000C\000H}{section.4}% 8
\BOOKMARK [2][-]{subsection.4.2}{\376\377\000M\000E\000R\000G\000E\000\040\000B\000R\000A\000N\000C\000H}{section.4}% 9
\BOOKMARK [2][-]{subsection.4.3}{\376\377\000D\000E\000L\000E\000T\000E\000\040\000B\000R\000A\000N\000C\000H}{section.4}% 10
\BOOKMARK [1][-]{section.5}{\376\377\000P\000R\000A\000C\000T\000I\000C\000A\000L\000\040\0005}{}% 11
\BOOKMARK [1][-]{section.6}{\376\377\000P\000R\000A\000C\000T\000I\000C\000A\000L\000\040\0006}{}% 12
\BOOKMARK [1][-]{section.7}{\376\377\000P\000R\000A\000C\000T\000I\000C\000A\000L\000\040\0007}{}% 13
\BOOKMARK [1][-]{section.8}{\376\377\000P\000R\000A\000C\000T\000I\000C\000A\000L\000\040\0008}{}% 14
\BOOKMARK [1][-]{section.9}{\376\377\000P\000R\000A\000C\000T\000I\000C\000A\000L\000\040\0009}{}% 15
\BOOKMARK [1][-]{section.10}{\376\377\000P\000R\000A\000C\000T\000I\000C\000A\000L\000\040\0001\0000}{}% 16
\BOOKMARK [1][-]{section.11}{\376\377\000P\000R\000A\000C\000T\000I\000C\000A\000L\000\040\0001\0001}{}% 17
\BOOKMARK [1][-]{section.12}{\376\377\000P\000R\000A\000C\000T\000I\000C\000A\000L\000\040\0001\0002}{}% 18
\BOOKMARK [1][-]{section.13}{\376\377\000P\000R\000A\000C\000T\000I\000C\000A\000L\000\040\0001\0003}{}% 19
\BOOKMARK [1][-]{section.14}{\376\377\000P\000R\000A\000C\000T\000I\000C\000A\000L\000\040\0001\0004}{}% 20
